Arguments: 
  /usr/local/bin/node /usr/local/lib/node_modules/@sanity/cli/vendor/yarn install --json --non-interactive --ignore-engines --registry https://registry.npmjs.org

PATH: 
  /Users/jodiemarks/Documents/tcg-site/tcg_site/tcg/studio/node_modules/.bin:/Users/jodiemarks/Documents/tcg-site/tcg_site/tcg/node_modules/.bin:/Users/jodiemarks/Documents/tcg-site/tcg_site/node_modules/.bin:/Users/jodiemarks/Documents/tcg-site/node_modules/.bin:/Users/jodiemarks/Documents/node_modules/.bin:/Users/jodiemarks/node_modules/.bin:/Users/node_modules/.bin:/node_modules/.bin:/usr/local/bin:/usr/local/lib/node_modules/vendor:/usr/local/Cellar/nodenv/1.4.0/libexec:/Users/jodiemarks/.nodenv/shims:/Users/jodiemarks/.gem/ruby/2.7.2/bin:/Users/jodiemarks/.rubies/ruby-2.7.2/lib/ruby/gems/2.7.0/bin:/Users/jodiemarks/.rubies/ruby-2.7.2/bin:/Users/jodiemarks/.bin:/usr/local/bin:/usr/bin:/bin:/usr/sbin:/sbin:/Users/jodiemarks/.nodenv/shims:/Users/jodiemarks/.bin

Yarn version: 
  1.22.10

Node version: 
  14.16.0

Platform: 
  darwin x64

Trace: 
  Error: https://registry.npmjs.org/date-fns/-/date-fns-2.22.1.tgz: ESOCKETTIMEDOUT
      at ClientRequest.<anonymous> (/usr/local/lib/node_modules/@sanity/cli/vendor/yarn:141406:19)
      at Object.onceWrapper (events.js:421:28)
      at ClientRequest.emit (events.js:315:20)
      at TLSSocket.emitRequestTimeout (_http_client.js:784:9)
      at Object.onceWrapper (events.js:421:28)
      at TLSSocket.emit (events.js:327:22)
      at TLSSocket.Socket._onTimeout (net.js:483:8)
      at listOnTimeout (internal/timers.js:554:17)
      at processTimers (internal/timers.js:497:7)

npm manifest: 
  {
    "name": "tcg",
    "private": true,
    "version": "1.0.0",
    "description": "Website for The coders guild built with 11ty SSG and Tailwind CSS",
    "main": "package.json",
    "author": "Steve Marks <stevenmarks75@gmail.com>",
    "license": "UNLICENSED",
    "scripts": {
      "start": "sanity start",
      "build": "sanity build"
    },
    "keywords": [
      "sanity"
    ],
    "dependencies": {
      "@sanity/base": "^2.11.2",
      "@sanity/components": "^2.2.6",
      "@sanity/core": "^2.11.0",
      "@sanity/default-layout": "^2.11.2",
      "@sanity/default-login": "^2.11.1",
      "@sanity/desk-tool": "^2.11.2",
      "@sanity/vision": "^2.11.2",
      "prop-types": "^15.7",
      "react": "^17.0",
      "react-dom": "^17.0"
    },
    "devDependencies": {},
    "repository": {
      "type": "git",
      "url": "https://github.com/thecodersguilduk/tcg_site.git"
    }
  }

yarn manifest: 
  No manifest

Lockfile: 
  No lockfile
